<?xml version="1.0" encoding="UTF-8"?>
<testng-results ignored="0" total="1" passed="1" failed="0" skipped="0">
  <reporter-output>
  </reporter-output>
  <suite started-at="2020-07-10T22:00:50Z" name="Default suite" finished-at="2020-07-10T22:00:54Z" duration-ms="4421">
    <groups>
    </groups>
    <test started-at="2020-07-10T22:00:50Z" name="Default test" finished-at="2020-07-10T22:00:54Z" duration-ms="4421">
      <class name="webdriverDemotest.logintest">
        <test-method is-config="true" signature="setup()[pri:0, instance:webdriverDemotest.logintest@534a5a98]" started-at="2020-07-10T22:00:44Z" name="setup" finished-at="2020-07-10T22:00:50Z" duration-ms="5945" status="PASS">
          <reporter-output>
          </reporter-output>
        </test-method> <!-- setup -->
        <test-method signature="logintest()[pri:0, instance:webdriverDemotest.logintest@534a5a98]" started-at="2020-07-10T22:00:50Z" name="logintest" finished-at="2020-07-10T22:00:54Z" duration-ms="4398" status="PASS">
          <reporter-output>
          </reporter-output>
        </test-method> <!-- logintest -->
        <test-method is-config="true" signature="tearDown()[pri:0, instance:webdriverDemotest.logintest@534a5a98]" started-at="2020-07-10T22:00:54Z" name="tearDown" finished-at="2020-07-10T22:00:55Z" duration-ms="718" status="PASS">
          <reporter-output>
          </reporter-output>
        </test-method> <!-- tearDown -->
      </class> <!-- webdriverDemotest.logintest -->
    </test> <!-- Default test -->
  </suite> <!-- Default suite -->
</testng-results>
